0 info it worked if it ends with ok
1 verbose cli [ 'C:\\Program Files\\nodejs\\node.exe',
1 verbose cli   'C:\\Program Files\\nodejs\\node_modules\\npm\\bin\\npm-cli.js',
1 verbose cli   'run',
1 verbose cli   'sass' ]
2 info using npm@3.10.9
3 info using node@v6.9.2
4 verbose run-script [ 'presass', 'sass', 'postsass' ]
5 info lifecycle package.json@1.0.0~presass: package.json@1.0.0
6 silly lifecycle package.json@1.0.0~presass: no script for presass, continuing
7 info lifecycle package.json@1.0.0~sass: package.json@1.0.0
8 verbose lifecycle package.json@1.0.0~sass: unsafe-perm in lifecycle true
9 verbose lifecycle package.json@1.0.0~sass: PATH: C:\Program Files\nodejs\node_modules\npm\bin\node-gyp-bin;C:\Nodework\SassFramework\node_modules\.bin;C:\Ruby23-x64\bin;C:\jdbc\product\11.2.0\dbhome_2\bin;C:\oracle\product\11.2.0\dbhome_1\bin;C:\db\database\bin;C:\ProgramData\Oracle\Java\javapath;C:\Program Files (x86)\Intel\iCLS Client\;C:\Program Files\Intel\iCLS Client\;C:\Windows\system32;C:\Windows;C:\Windows\System32\Wbem;C:\Windows\System32\WindowsPowerShell\v1.0\;C:\Program Files\Intel\Intel(R) Management Engine Components\DAL;C:\Program Files\Intel\Intel(R) Management Engine Components\IPT;C:\Program Files (x86)\Intel\Intel(R) Management Engine Components\DAL;C:\Program Files (x86)\Intel\Intel(R) Management Engine Components\IPT;C:\Program Files (x86)\NVIDIA Corporation\PhysX\Common;C:\Program Files\TortoiseGit\bin;C:\Program Files\Git\cmd;C:\nodejs-x64;C:\Users\Kim taw wooong\AppData\Roaming\npm;C:\Program Files (x86)\Microsoft VS Code;C:\Program Files (x86)\Heroku\bin;C:\Program Files (x86)\git\cmd;C:\Program Files (x86)\Git\cmd;C:\Program Files\nodejs\;C:\Program Files\Microsoft SQL Server\130\Tools\Binn\;C:\Windows\system32\config\systemprofile\.dnx\bin;C:\Program Files\Microsoft DNX\Dnvm\;C:\Mongodb\bin;C:\Users\Kim taw wooong\.dnx\bin;C:\Program Files (x86)\Microsoft VS Code\bin;C:\Users\Kim taw wooong\AppData\Roaming\npm;C:\Users\Kim taw wooong\AppData\Local\atom\bin
10 verbose lifecycle package.json@1.0.0~sass: CWD: C:\Nodework\SassFramework
11 silly lifecycle package.json@1.0.0~sass: Args: [ '/d /s /c', 'node-sass -w ./sass/ -o ./css/' ]
12 verbose stack Error: kill ENOSYS
12 verbose stack     at exports._errnoException (util.js:1022:11)
12 verbose stack     at process.kill (internal/process.js:172:13)
12 verbose stack     at process.listener (C:\Program Files\nodejs\node_modules\npm\node_modules\npmlog\node_modules\gauge\node_modules\signal-exit\index.js:86:15)
12 verbose stack     at emitNone (events.js:91:20)
12 verbose stack     at process.emit (events.js:185:7)
12 verbose stack     at processEmit (C:\Program Files\nodejs\node_modules\npm\node_modules\npmlog\node_modules\gauge\node_modules\signal-exit\index.js:146:32)
12 verbose stack     at processEmit (C:\Program Files\nodejs\node_modules\npm\node_modules\npm-registry-client\node_modules\npmlog\node_modules\gauge\node_modules\signal-exit\index.js:146:32)
12 verbose stack     at Signal.wrap.onsignal (internal/process.js:199:44)
13 verbose cwd C:\Nodework\SassFramework
14 error Windows_NT 6.1.7601
15 error argv "C:\\Program Files\\nodejs\\node.exe" "C:\\Program Files\\nodejs\\node_modules\\npm\\bin\\npm-cli.js" "run" "sass"
16 error node v6.9.2
17 error npm  v3.10.9
18 error code ENOSYS
19 error errno ENOSYS
20 error syscall kill
21 error kill ENOSYS
22 error If you need help, you may report this error at:
22 error     <https://github.com/npm/npm/issues>
23 verbose exit [ 1, true ]
